1646134648331	geckodriver	INFO	Listening on 127.0.0.1:59941
1646134651376	mozrunner::runner	INFO	Running command: "C:\\Program Files\\Mozilla Firefox\\firefox.exe" "--marionette" "--remote-debugging-port" "59942" "-no-remote" "-profile" "C:\\Users\\deepa\\AppData\\Local\\Temp\\rust_mozprofileWN5hQg"
1646134652045	Marionette	INFO	Marionette enabled
console.warn: SearchSettings: "get: No settings file exists, new profile?" (new NotFoundError("Could not open the file at C:\\Users\\deepa\\AppData\\Local\\Temp\\rust_mozprofileWN5hQg\\search.json.mozlz4", (void 0)))
DevTools listening on ws://localhost:59942/devtools/browser/e772a145-2d9b-483e-aef5-bd8c480f57f4
1646134654414	Marionette	INFO	Listening on port 59951
1646134654573	RemoteAgent	WARN	TLS certificate errors will be ignored for this session
JavaScript warning: https://www.zalando.co.uk/xXsy/QcbL/B/V9-/wgOcKA/Yuh7zGEbVYuY/fSovAg/YB5B/FQhFUCI, line 1: unreachable code after return statement
JavaScript warning: https://www.zalando.co.uk/xXsy/QcbL/B/V9-/wgOcKA/Yuh7zGEbVYuY/fSovAg/YB5B/FQhFUCI, line 1: WEBGL_debug_renderer_info is deprecated in Firefox and will be removed. Please use RENDERER.
JavaScript error: resource://gre/actors/AutoCompleteChild.jsm, line 125: Error: Invalid autocomplete selectedIndex
JavaScript error: resource://gre/modules/AsyncShutdown.jsm, line 575: NotFoundError: No such JSWindowActor 'DevToolsFrame'
JavaScript error: resource://gre/modules/AsyncShutdown.jsm, line 575: NotFoundError: No such JSWindowActor 'DevToolsFrame'
JavaScript error: resource://gre/modules/AsyncShutdown.jsm, line 575: NotFoundError: No such JSWindowActor 'DevToolsFrame'
JavaScript error: resource://gre/modules/AsyncShutdown.jsm, line 575: NotFoundError: No such JSWindowActor 'DevToolsFrame'
JavaScript error: resource://gre/modules/AsyncShutdown.jsm, line 575: NotDevTools listening on ws://localhost:60128/devtools/browser/964747c6-9533-4f48-979c-732abd365816
1646134740005	Marionette	INFO	Listening on port 60134
1646134740491	RemoteAgent	WARN	TLS certificate errors will be ignored for this session
JavaScript warning: https://www.zalando.co.uk/xXsy/QcbL/B/V9-/wgOcKA/Yuh7zGEbVYuY/fSovAg/YB5B/FQhFUCI, line 1: unreachable code after return statement
JavaScript warning: https://www.zalando.co.uk/xXsy/QcbL/B/V9-/wgOcKA/Yuh7zGEbVYuY/fSovAg/YB5B/FQhFUCI, line 1: WEBGL_debug_renderer_info is deprecated in Firefox and will be removed. Please use RENDERER.
JavaScript warning: https://accounts.zalando.com/gKc6BO/p/W/2mr1Q0Ez4leL/z1kOGcV3Yz/I0J6RQ/azkvGFY3/ISc, line 1: unreachable code after return statement
JavaScript warning: https://accounts.zalando.com/gKc6BO/p/W/2mr1Q0Ez4leL/z1kOGcV3Yz/I0J6RQ/azkvGFY3/ISc, line 1: WEBGL_debug_renderer_info is deprecated in Firefox and will be removed. Please use RENDERER.
JavaScript warning: https://www.zalando.co.uk/xXsy/QcbL/B/V9-/wgOcKA/Yuh7zGEbVYuY/fSovAg/YB5B/FQhFUCI, line 1: unreachable code after return statement
JavaScript warning: https://www.zalando.co.uk/xXsy/QcbL/B/V9-/wgOcKA/Yuh7zGEbVYuY/fSovAg/YB5B/FQhFUCI, line 1: WEBGL_debug_renderer_info is deprecated in Firefox and will be removed. Please use RENDERER.
JavaScript error: resource://gre/modules/AsyncShutdown.jsm, 1646134806751	mozrunner::runner	INFO	Running command: "C:\\Program Files\\Mozilla Firefox\\firefox.exe" "--marionette" "--remote-debugging-port" "60282" "-no-remote" "-profile" "C:\\Users\\deepa\\AppData\\Local\\Temp\\rust_mozprofilekOFq0U"
1646134807037	Marionette	INFO	Marionette enabled
console.warn: SearchSettings: "get: No settings file exists, new profile?" (new NotFoundError("Could not open the file at C:\\Users\\deepa\\AppData\\Local\\Temp\\rust_mozprofilekOFq0U\\search.json.mozlz4", (void 0)))
DevTools listening on ws://localhost:60282/devtools/browser/e9f99ba7-20b5-4be3-9ab1-36ab88f119f9
1646134808955	Marionette	INFO	Listening on port 60288
1646134809437	RemoteAgent	WARN	TLS certificate errors will be ignored for this session
JavaScript warning: https://www.zalando.co.uk/xXsy/QcbL/B/V9-/wgOcKA/Yuh7zGEbVYuY/fSovAg/YB5B/FQhFUCI, line 1: unreachable code after return statement
JavaScript warning: https://www.zalando.co.uk/xXsy/QcbL/B/V9-/wgOcKA/Yuh7zGEbVYuY/fSovAg/YB5B/FQhFUCI, line 1: WEBGL_debug_renderer_info is deprecated in Firefox and will be removed. Please use RENDERER.
JavaScript error: resource://gre/actors/AutoCompleteChild.jsm, line 125: Error: Invalid autocomplete selectedIndex
JavaScript warning: https://accounts.zalando.com/gKc6BO/p/W/2mr1Q0Ez4leL/z1kOGcV3Yz/I0J6RQ/azkvGFY3/ISc, line 1: unreachable code after return statement
JavaScript warning: https://accounts.zalando.com/gKc6BO/p/W/2mr1Q0Ez4leL/z1kOGcV3Yz/I0J6RQ/azkvGFY3/ISc, line 1: WEBGL_debug_renderer_info is deprecated in Firefox and will be removed. Please use RENDERER.
JavaScript error: resource://gre/modules/AsyncShutdown.jsm, 1646135039168	mozrunner::runner	INFO	Running command: "C:\\Program Files\\Mozilla Firefox\\firefox.exe" "--marionette" "--remote-debugging-port" "55319" "-no-remote" "-profile" "C:\\Users\\deepa\\AppData\\Local\\Temp\\rust_mozprofilePyp72g"
1646135039469	Marionette	INFO	Marionette enabled
console.warn: SearchSettings: "get: No settings file exists, new profile?" (new NotFoundError("Could not open the file at C:\\Users\\deepa\\AppData\\Local\\Temp\\rust_mozprofilePyp72g\\search.json.mozlz4", (void 0)))
DevTools listening on ws://localhost:55319/devtools/browser/f8e5b3c7-930b-44bc-8564-a62f8a315127
1646135041439	Marionette	INFO	Listening on port 55325
1646135041867	RemoteAgent	WARN	TLS certificate errors will be ignored for this session
JavaScript warning: https://www.zalando.co.uk/xXsy/QcbL/B/V9-/wgOcKA/Yuh7zGEbVYuY/fSovAg/YB5B/FQhFUCI, line 1: unreachable code after return statement
JavaScript warning: https://www.zalando.co.uk/xXsy/QcbL/B/V9-/wgOcKA/Yuh7zGEbVYuY/fSovAg/YB5B/FQhFUCI, line 1: WEBGL_debug_renderer_info is deprecated in Firefox and will be removed. Please use RENDERER.
1646135075487	Marionette	INFO	Stopped listening on port 55325
console.warn: TopSitesFeed: Failed to fetch data from Contile server: NetworkError when attempting to fetch resource.

###!!! [Parent][PGPUParent] Error: RunMessage(msgname=PGPU::Msg_ShutdownVR) Channel closing: too late to send/recv, messages will be lost

1646135087907	geckodriver	INFO	Listening on 127.0.0.1:55443
1646135090960	mozrunner::runner	INFO	Running command: "C:\\Program Files\\Mozilla Firefox\\firefox.exe" "--marionette" "--remote-debugging-port" "55444" "-no-remote" "-profile" "C:\\Users\\deepa\\AppData\\Local\\Temp\\rust_mozprofiler94BTN"
1646135091949	Marionette	INFO	Marionette enabled
console.warn: SearchSettings: "get: No settings file exists, new profile?" (new NotFoundError("Could not open the file at C:\\Users\\deepa\\AppData\\Local\\Temp\\rust_mozprofiler94BTN\\search.json.mozlz4", (void 0)))
DevTools listening on ws://localhost:55444/devtools/browser/b0351caf-1943-4804-a8c0-f30829343fb5
1646135094744	Marionette	INFO	Listening on port 55464
1646135095202	RemoteAgent	WARN	TLS certificate errors will be ignored for this session
JavaScript warning: https://accounts.zalando.com/gKc6BO/p/W/2mr1Q0Ez4leL/z1kOGcV3Yz/I0J6RQ/azkvGFY3/ISc, line 1: unreachable code after return statement
JavaScript warning: https://accounts.zalando.com/gKc6BO/p/W/2mr1Q0Ez4leL/z1kOGcV3Yz/I0J6RQ/azkvGFY3/ISc, line 1: WEBGL_debug_renderer_info is deprecated in Firefox and will be removed. Please use RENDERER.
console.warn: LoginRecipes: "getRecipes: falling back to a synchronous message for:" "https://accounts.zalando.com"
console.warn: LoginRecipes: "getRecipes: falling back to a synchronous message for:" "https://accounts.zalando.com"
JavaScript error: resource://gre/modules/AsyncShutdown.jsm, line 575: NotFoundError: No such JSWindowActor 'DevToolsFrame'
1646135486532	Marionette	INFO	Stopped listening on port 55464
console.warn: TopSitesFeed: Failed to fetch data from Contile server: NetworkError when attempting to fetch resource.
1646135490283	geckodriver	INFO	Listening on 127.0.0.1:55868
1646135493314	mozrunner::runner	INFO	Running command: "C:\\Program Files\\Mozilla Firefox\\firefox.exe" "--marionette" "--remote-debugging-port" "55869" "-no-remote" "-profile" "C:\\Users\\deepa\\AppData\\Local\\Temp\\rust_mozprofileriMgQ3"
1646135493600	Marionette	INFO	Marionette enabled
console.warn: SearchSettings: "get: No settings file exists, new profile?" (new NotFoundError("Could not open the file at C:\\Users\\deepa\\AppData\\Local\\Temp\\rust_mozprofileriMgQ3\\search.json.mozlz4", (void 0)))
DevTools listening on ws://localhost:55869/devtools/browser/940b7a9f-845c-440d-a85d-960de943b595
1646135495300	Marionette	INFO	Listening on port 55875
1646135495382	RemoteAgent	WARN	TLS certificate errors will be ignored for this session
JavaScript warning: https://accounts.zalando.com/gKc6BO/p/W/2mr1Q0Ez4leL/z1kOGcV3Yz/I0J6RQ/azkvGFY3/ISc, line 1: unreachable code after return statement
JavaScript warning: https://accounts.zalando.com/gKc6BO/p/W/2mr1Q0Ez4leL/z1kOGcV3Yz/I0J6RQ/azkvGFY3/ISc, line 1: WEBGL_debug_renderer_info is deprecated in Firefox and will be removed. Please use RENDERER.
JavaScript error: resource://gre/modules/AsyncShutdown.jsm, line 575: NotFoundError: No such JSWindowActor 'DevToolsFrame'
1646136073106	Marionette	INFO	Stopped listening on port 55875
console.warn: TopSitesFeed: Failed to fetch data from Contile server: NetworkError when attempting to fetch resource.

###!!! [Parent][PGPUParent] Error: RunMessage(msgname=PGPU::Msg_ShutdownVR) Channel closing: too late to send/recv, messages will be lost

ld not open the file at C:\\Users\\deepa\\AppData\\Local\\Temp\\rust_mozprofileNSM1uv\\search.json.mozlz4", (void 0)))
DevTools listening on ws://localhost:56293/devtools/browser/28a51e64-84a6-4abe-b3dd-1b56e8a946d7
1646136072321	Marionette	INFO	Listening on port 56302
1646136072369	RemoteAgent	WARN	TLS certificate errors will be ignored for this session
JavaScript warning: https://accounts.zalando.com/gKc6BO/p/W/2mr1Q0Ez4leL/z1kOGcV3Yz/I0J6RQ/azkvGFY3/ISc, line 1: unreachable code after return statement
JavaScript warning: https://accounts.zalando.com/gKc6BO/p/W/2mr1Q0Ez4leL/z1kOGcV3Yz/I0J6RQ/azkvGFY3/ISc, line 1: WEBGL_debug_renderer_info is deprecated in Firefox and will be removed. Please use RENDERER.
1646136739678	Marionette	INFO	Stopped listening on port 56302
console.warn: TopSitesFeed: Failed to fetch data from Contile server: NetworkError when attempting to fetch resource.

###!!! [Parent][PGPUParent] Error: RunMessage(msgname=PGPU::Msg_ShutdownVR) Channel closing: too late to send/recv, messages will be lost

1646136814210	geckodriver	INFO	Listening on 127.0.0.1:57047
1646136817242	mozrunner::runner	INFO	Running command: "C:\\Program Files\\Mozilla Firefox\\firefox.exe" "--marionette" "--remote-debugging-port" "57048" "-no-remote" "-profile" "C:\\Users\\deepa\\AppData\\Local\\Temp\\rust_mozprofile0W9fGq"
1646136817552	Marionette	INFO	Marionette enabled
console.warn: SearchSettings: "get: No settings file exists, new profile?" (new NotFoundError("Could not open the file at C:\\Users\\deepa\\AppData\\Local\\Temp\\rust_mozprofile0W9fGq\\search.json.mozlz4", (void 0)))
DevTools listening on ws://localhost:57048/devtools/browser/ca2756df-6497-404b-9e2a-3123f3c2166a
1646136819558	Marionette	INFO	Listening on port 57054
1646136819968	RemoteAgent	WARN	TLS certificate errors will be ignored for this session
JavaScript warning: https://www.zalando.it/TluOby/XM6GEH/qJ/A0hN/g1MgfMTJA/um7hGNYa7a/OFIrR2o/Ci/QDUWNBWF0, line 1: unreachable code after return statement
JavaScript warning: https://www.zalando.it/TluOby/XM6GEH/qJ/A0hN/g1MgfMTJA/um7hGNYa7a/OFIrR2o/Ci/QDUWNBWF0, line 1: WEBGL_debug_renderer_info is deprecated in Firefox and will be removed. Please use RENDERER.
JavaScript warning: https://accounts.zalando.com/gKc6BO/p/W/2mr1Q0Ez4leL/z1kOGcV3Yz/I0J6RQ/azkvGFY3/ISc, line 1: unreachable code after return statement
JavaScript error: https://accounts.zalando.com/gKc6BO/p/W/2mr1Q0Ez4leL/z1kOGcV3Yz/I0J6RQ/azkvGFY3/ISc, line 1: TypeError: jB is undefined
JavaScript warning: https://accounts.zalando.com/gKc6BO/p/W/2mr1Q0Ez4leL/z1kOGcV3Yz/I0J6RQ/azkvGFY3/ISc, line 1: WEBGL_debug_renderer_info is deprecated in Firefox and will be removed. Please use RENDERER.
1646136873132	Marionette	INFO	Stopped listening on port 57051646136874934	mozrunner::runner	INFO	Running command: "C:\\Program Files\\Mozilla Firefox\\firefox.exe" "--marionette" "--remote-debugging-port" "57175" "-no-remote" "-profile" "C:\\Users\\deepa\\AppData\\Local\\Temp\\rust_mozprofileTBGUMC"
1646136875280	Marionette	INFO	Marionette enabled
console.warn: SearchSettings: "get: No settings file exists, new profile?" (new NotFoundError("Could not open the file at C:\\Users\\deepa\\AppData\\Local\\Temp\\rust_mozprofileTBGUMC\\search.json.mozlz4", (void 0)))
DevTools listening on ws://localhost:57175/devtools/browser/1707aa22-121f-413a-bfed-f413239664f8
1646136877385	Marionette	INFO	Listening on port 57182
1646136877616	RemoteAgent	WARN	TLS certificate errors will be ignored for this session
JavaScript warning: https://accounts.zalando.com/gKc6BO/p/W/2mr1Q0Ez4leL/z1kOGcV3Yz/I0J6RQ/azkvGFY3/ISc, line 1: unreachable code after return statement
JavaScript warning: https://accounts.zalando.com/gKc6BO/p/W/2mr1Q0Ez4leL/z1kOGcV3Yz/I0J6RQ/azkvGFY3/ISc, line 1: WEBGL_debug_renderer_info is deprecated in Firefox and will be removed. Please use RENDERER.
JavaScript error: resource://gre/modules/AsyncShutdown.jsm, 1646136957692	mozrunner::runner	INFO	Running command: "C:\\Program Files\\Mozilla Firefox\\firefox.exe" "--marionette" "--remote-debugging-port" "57296" "-no-remote" "-profile" "C:\\Users\\deepa\\AppData\\Local\\Temp\\rust_mozprofileAY78k0"
1646136958068	Marionette	INFO	Marionette enabled
console.warn: SearchSettings: "get: No settings file exists, new profile?" (new NotFoundError("Could not open the file at C:\\Users\\deepa\\AppData\\Local\\Temp\\rust_mozprofileAY78k0\\search.json.mozlz4", (void 0)))
DevTools listening on ws://localhost:57296/devtools/browser/4446fc1c-dcc2-4155-903f-374aa5e69fd0
1646136960375	Marionette	INFO	Listening on port 57304
1646136960892	RemoteAgent	WARN	TLS certificate errors will be ignored for this session
JavaScript warning: https://accounts.zalando.com/gKc6BO/p/W/2mr1Q0Ez4leL/z1kOGcV3Yz/I0J6RQ/azkvGFY3/ISc, line 1: unreachable code after return statement
JavaScript warning: https://accounts.zalando.com/gKc6BO/p/W/2mr1Q0Ez4leL/z1kOGcV3Yz/I0J6RQ/azkvGFY3/ISc, line 1: WEBGL_debug_renderer_info is deprecated in Firefox and will be removed. Please use RENDERER.
console.warn: LoginRecipes: "getRecipes: falling back to a synchronous message for:" "https://accounts.zalando.com"
JavaScript warning: https://www.zalando.it/TluOby/XM6GEH/qJ/A0hN/g1MgfMTJA/um7hGNYa7a/OFIrR2o/Ci/QDUWNBWF0, line 1: unreachable code after return statement
JavaScript warning: https://www.zalando.it/TluOby/XM6GEH/qJ/A0hN/g1MgfMTJA/um7hGNYa7a/OFIrR2o/Ci/QDUWNBWF0, line 1: WEBGL_debug_renderer_info is deprecated in Firefox and will be removed. Please use RENDERER.
JavaScript warning: https://www.zalando.it/TluOby/XM6GEH/qJ/A0hN/g1MgfMTJA/um7hGNYa7a/OFIrR2o/Ci/QDUWNBWF0, line 1: unreachable code after return statement
JavaScript warning: https://www.zalando.it/TluOby/XM6GEH/qJ/A0hN/g1MgfMTJA/um7hGNYa7a/OFIrR2o/Ci/QDUWNBWF0, line 1: WEBGL_debug_renderer_info is deprecated in Firefox and will be removed. Please use RENDERER.
JavaScript warning: https://www.zalando.it/TluOby/XM6GEH/qJ/A0hN/g1MgfMTJA/um7hGNYa7a/OFIrR2o/Ci/QDUWNBWF0, line 1: unreachable code after return statement
JavaScript warning: https://www.zalando.it/TluOby/XM6GEH/qJ/A0hN/g1MgfMTJA/um7hGNYa7a/OFIrR2o/Ci/QDUWNBWF0, line 1: WEBGL_debug_renderer_info is deprecated in Firefox and will be removed. Please use RENDERER.
JavaScript warning: https://www.zalando.it/TluOby/XM6GEH/qJ/A0hN/g1MgfMTJA/um7hGNYa7a/OFIrR2o/Ci/QDUWNBWF0, line 1: unreachable code after return statement
JavaScript warning: https://www.zalando.it/TluOby/XM6GEH/qJ/A0hN/g1MgfMTJA/um7hGNYa7a/OFIrR2o/Ci/QDUWNBWF0, line 1: WEBGL_debug_renderer_info is deprecated in Firefox and will be removed. Please use RENDERER.
JavaScript warning: https://www.zalando.it/TluOby/XM6GEH/qJ/A0hN/g1MgfMTJA/um7hGNYa7a/OFIrR2o/Ci/QDUWNBWF0, line 1: unreachable code after return statement
JavaScript warning: https://www.zalando.it/TluOby/XM6GEH/qJ/A0hN/g1MgfMTJA/um7hGNYa7a/OFIrR2o/Ci/QDUWNBWF0, line 1: WEBGL_debug_renderer_info is deprecated in Firefox and will be removed. Please use RENDERER.
JavaScript warning: https://www.zalando.it/TluOby/XM6GEH/qJ/A0hN/g1MgfMTJA/um7hGNYa7a/OFIrR2o/Ci/QDUWNBWF0, line 1: unreachable code after return statement
JavaScript warning: https://www.zalando.it/TluOby/XM6GEH/qJ/A0hN/g1MgfMTJA/um7hGNYa7a/OFIrR2o/Ci/QDUWNBWF0, line 1: WEBGL_debug_renderer_info is deprecated in Firefox and will be removed. Please use RENDERER.
1646137218761	Marionette	INFO	Stopped listening on port 57304
console.warn: TopSitesFeed: Failed to fetch data from Contile server: NetworkError when attempting to fetch resource.

###!!! [Parent][PGPUParent] Error: RunMessage(msgname=PGPU::Msg_ShutdownVR) Channel closing: too late to send/recv, messages will be lost

	INFO	Marionette enabled
console.warn: SearchSettings: "get: No settings file exists, new profile?" (new NotFoundError("Could not open the file at C:\\Users\\deepa\\AppData\\Local\\Temp\\rust_mozprofileH5Enke\\search.json.mozlz4", (void 0)))
DevTools listening on ws://localhost:57505/devtools/browser/0734e3ca-1b45-4f44-832b-4317a58043eb
1646137107044	Marionette	INFO	Listening on port 57511
1646137107105	RemoteAgent	WARN	TLS certificate errors will be ignored for this session
JavaScript warning: https://accounts.zalando.com/gKc6BO/p/W/2mr1Q0Ez4leL/z1kOGcV3Yz/I0J6RQ/azkvGFY3/ISc, line 1: unreachable code after return statement
JavaScript warning: https://accounts.zalando.com/gKc6BO/p/W/2mr1Q0Ez4leL/z1kOGcV3Yz/I0J6RQ/azkvGFY3/ISc, line 1: WEBGL_debug_renderer_info is deprecated in Firefox and will be removed. Please use RENDERER.
console.warn: LoginRecipes: "getRecipes: falling back to a synchronous message for:" "https://accounts.zalando.com"
JavaScript warning: https://www.zalando.it/TluOby/XM6GEH/qJ/A0hN/g1MgfMTJA/um7hGNYa7a/OFIrR2o/Ci/QDUWNBWF0, line 1: unreachable code after return statement
JavaScript warning: https://www.zalando.it/TluOby/XM6GEH/qJ/A0hN/g1MgfMTJA/um7hGNYa7a/OFIrR2o/Ci/QDUWNBWF0, line 1: WEBGL_debug_renderer_info is deprecated in Firefox and will be removed. Please use RENDERER.
JavaScript error: , line 0: NotFoundError: No such JSWindowActor 'DevToolsFrame'
JavaScript error: , line 0: NotFoundError: No such JSWindowActor 'DevToolsFrame'
JavaScript error: , line 0: NotFoundError: No such JSWindowActor 'DevToolsFrame'
JavaScript error: , line 0: NotFoundError: No such JSWindowActor 'DevToolsFrame'
JavaScript error: , line 0: NotFoundError: No such JSWindowActor 'DevToolsFrame'
JavaScript warning: https://www.zalando.it/TluOby/XM6GEH/qJ/A0hN/g1MgfMTJA/um7hGNYa7a/OFIrR2o/Ci/QDUWNBWF0, line 1: unreachable code after return statement
JavaScript warning: https://www.zalando.it/TluOby/XM6GEH/qJ/A0hN/g1MgfMTJA/um7hGNYa7a/OFIrR2o/Ci/QDUWNBWF0, line 1: WEBGL_debug_renderer_info is deprecated in Firefox and will be removed. Please use RENDERER.
JavaScript warning: https://www.zalando.it/TluOby/XM6GEH/qJ/A0hN/g1MgfMTJA/um7hGNYa7a/OFIrR2o/Ci/QDUWNBWF0, line 1: unreachable code after return statement
JavaScript warning: https://www.zalando.it/TluOby/XM6GEH/qJ/A0hN/g1MgfMTJA/um7hGNYa7a/OFIrR2o/Ci/QDUWNBWF0, line 1: WEBGL_debug_renderer_info is deprecated in Firefox and will be removed. Please use RENDERER.
JavaScript error: , line 0: NotFoundError: No such JSWindowActor 'DevToolsFrame'
JavaScript error: , line 0: NotFoundError: No such JSWindowActor 'DevToolsFrame'
JavaScript error: , line 0: NotFoundError: No such JSWindowActor 'DevToolsFrame'
JavaScript error: , line 0: NotFoundError: No such JSWindowActor 'DevToolsFrame'
JavaScript error: , line 0: NotFoundError: No such JSWindowActor 'DevToolsFrame'
JavaScript error: , line 0: NotFoundError: No such JSWindowActor 'DevToolsFrame'
JavaScript error: , line 0: NotFoundError: No such JSWindowActor 'DevToolsFrame'
1646137944938	Marionette	INFO	Stopped listening on port 57511
console.warn: TopSitesFeed: Failed to fetch data from Contile server: NetworkError when attempting to fetch resource.

###!!! [Parent][PGPUParent] Error: RunMessage(msgname=PGPU::Msg_ShutdownVR) Channel closing: too late to send/recv, messages will be lost

1646138551249	geckodriver	INFO	Listening on 127.0.0.1:54933
1646138554309	mozrunner::runner	INFO	Running command: "C:\\Program Files\\Mozilla Firefox\\firefox.exe" "--marionette" "--remote-debugging-port" "54934" "-no-remote" "-profile" "C:\\Users\\deepa\\AppData\\Local\\Temp\\rust_mozprofileJjuoNH"
1646138554606	Marionette	INFO	Marionette enabled
console.warn: SearchSettings: "get: No settings file exists, new profile?" (new NotFoundError("Could not open the file at C:\\Users\\deepa\\AppData\\Local\\Temp\\rust_mozprofileJjuoNH\\search.json.mozlz4", (void 0)))
DevTools listening on ws://localhost:54934/devtools/browser/5eff1a47-ab2f-43a6-9dbb-acf044e15a65
1646138556470	Marionette	INFO	Listening on port 54941
1646138556975	RemoteAgent	WARN	TLS certificate errors will be ignored for this session
1646138556992	Marionette	INFO	Stopped listening on port 54941
console.error: Region.jsm: "Error fetching region" (new TypeError("NetworkError when attempting to fetch resource.", ""))
console.error: Region.jsm: "Failed to fetch region" (new Error("NO_RESULT", "resource://gre/modules/Region.jsm", 419))

###!!! [Parent][PGPUParent] Error: RunMessage(msgname=PGPU::Msg_ShutdownVR) Channel closing: too late to send/recv, messages will be lost

1646138574279	geckodriver	INFO	Listening on 127.0.0.1:54987
1646138577321	mozrunner::runner	INFO	Running command: "C:\\Program Files\\Mozilla Firefox\\firefox.exe" "--marionette" "--remote-debugging-port" "54988" "-no-remote" "-profile" "C:\\Users\\deepa\\AppData\\Local\\Temp\\rust_mozprofileYdIAjP"
1646138577630	Marionette	INFO	Marionette enabled
console.warn: SearchSettings: "get: No settings file exists, new profile?" (new NotFoundError("Could not open the file at C:\\Users\\deepa\\AppData\\Local\\Temp\\rust_mozprofileYdIAjP\\search.json.mozlz4", (void 0)))
DevTools listening on ws://localhost:54988/devtools/browser/abfffe4f-064e-49ac-a4b0-fff0eae441a5
1646138579440	Marionette	INFO	Listening on port 54995
1646138579492	RemoteAgent	WARN	TLS certificate errors will be ignored for this session
JavaScript warning: https://accounts.zalando.com/gKc6BO/p/W/2mr1Q0Ez4leL/z1kOGcV3Yz/I0J6RQ/azkvGFY3/ISc, line 1: unreachable code after return statement
JavaScript warning: https://accounts.zalando.com/gKc6BO/p/W/2mr1Q0Ez4leL/z1kOGcV3Yz/I0J6RQ/azkvGFY3/ISc, line 1: WEBGL_debug_renderer_info is deprecated in Firefox and will be removed. Please use RENDERER.
console.warn: LoginRecipes: "getRecipes: falling back to a synchronous message for:" "https://accounts.zalando.com"
JavaScript warning: https://www.zalando.it/TluOby/XM6GEH/qJ/A0hN/g1MgfMTJA/um7hGNYa7a/OFIrR2o/Ci/QDUWNBWF0, line 1: unreachable code after return statement
JavaScript warning: https://www.zalando.it/TluOby/XM6GEH/qJ/A0hN/g1MgfMTJA/um7hGNYa7a/OFIrR2o/Ci/QDUWNBWF0, line 1: WEBGL_debug_renderer_info is deprecated in Firefox and will be removed. Please use RENDERER.
JavaScript warning: https://www.zalando.it/TluOby/XM6GEH/qJ/A0hN/g1MgfMTJA/um7hGNYa7a/OFIrR2o/Ci/QDUWNBWF0, line 1: WEBGL_debug_renderer_info is deprecated in Firefox and will be removed. Please use RENDERER.
JavaScript warning: https://www.zalando.it/TluOby/XM6GEH/qJ/A0hN/g1MgfMTJA/um7hGNYa7a/OFIrR2o/Ci/QDUWNBWF0, line 1: unreachable code after return statement
JavaScript warning: https://www.zalando.it/TluOby/XM6GEH/qJ/A0hN/g1MgfMTJA/um7hGNYa7a/OFIrR2o/Ci/QDUWNBWF0, line 1: WEBGL_debug_renderer_info is deprecated in Firefox and will be removed. Please use RENDERER.
JavaScript warning: https://www.zalando.it/TluOby/XM6GEH/qJ/A0hN/g1MgfMTJA/um7hGNYa7a/OFIrR2o/Ci/QDUWNBWF0, line 1: unreachable code after return statement
JavaScript warning: https://www.zalando.it/TluOby/XM6GEH/qJ/A0hN/g1MgfMTJA/um7hGNYa7a/OFIrR2o/Ci/QDUWNBWF0, line 1: WEBGL_debug_renderer_info is deprecated in Firefox and will be removed. Please use RENDERER.
console.error: (new InvalidStateError("JSWindowActorChild.sendAsyncMessage: JSWindowActorChild cannot send at the moment", (void 0), 327))
InvalidStateError: JSWindowActorChild.sendAsyncMessage: JSWindowActorChild cannot send at the moment: _createTargetActor/<@resource://devtools/server/connectors/js-window-actor/DevToolsFrameChild.jsm:327:12
newListener@resource://devtools/shared/event-emitter.js:173:27
_emit@resource://devtools/shared/event-emitter.js:244:34
emit@resource://devtools/shared/event-emitter.js:190:18
emit@resource://devtools/shared/event-emitter.js:342:18
destroy@resource://devtools/server/actors/targets/window-global.js:743:10
module.exports/proto.destroy@resource://devtools/server/actors/targets/target-actor-mixin.js:244:30
instantiate@resource://devtools/server/connectors/js-window-actor/DevToolsFrameChild.jsm:242:26
handleEvent@resource://devtools/server/connectors/js-window-actor/DevToolsFrameChild.jsm:651:12

console.error: "Unable to find target with innerWindowId:2147483695"
JavaScript warning: https://www.zalando.it/TluOby/XM6GEH/qJ/A0hN/g1MgfMTJA/um7hGNYa7a/OFIrR2o/Ci/QDUWNBWF0, line 1: unreachable code after return statement
JavaScript warning: https://www.zalando.it/TluOby/XM6GEH/qJ/A0hN/g1MgfMTJA/um7hGNYa7a/OFIrR2o/Ci/QDUWNBWF0, line 1: WEBGL_debug_renderer_info is deprecated in Firefox and will be removed. Please use RENDERER.
console.error: (new InvalidStateError("JSWindowActorChild.sendAsyncMessage: JSWindowActorChild cannot send at the moment", (void 0), 327))
InvalidStateError: JSWindowActorChild.sendAsyncMessage: JSWindowActorChild cannot send at the moment: _createTargetActor/<@resource://devtools/server/connectors/js-window-actor/DevToolsFrameChild.jsm:327:12
newListener@resource://devtools/shared/event-emitter.js:173:27
_emit@resource://devtools/shared/event-emitter.js:244:34
emit@resource://devtools/shared/event-emitter.js:190:18
emit@resource://devtools/shared/event-emitter.js:342:18
destroy@resource://devtools/server/actors/targets/window-global.js:743:10
module.exports/proto.destroy@resource://devtools/server/actors/targets/target-actor-mixin.js:244:30
instantiate@resource://devtools/server/connectors/js-window-actor/DevToolsFrameChild.jsm:242:26
handleEvent@resource://devtools/server/connectors/js-window-actor/DevToolsFrameChild.jsm:651:12

console.error: "Unable to find target with innerWindowId:2147483711"
JavaScript warning: https://www.zalando.it/TluOby/XM6GEH/qJ/A0hN/g1MgfMTJA/um7hGNYa7a/OFIrR2o/Ci/QDUWNBWF0, line 1: unreachable code after return statement
JavaScript warning: https://www.zalando.it/TluOby/XM6GEH/qJ/A0hN/g1MgfMTJA/um7hGNYa7a/OFIrR2o/Ci/QDUWNBWF0, line 1: WEBGL_debug_renderer_info is deprecated in Firefox and will be removed. Please use RENDERER.
console.error: (new TypeError("currentNode is null", "resource://devtools/client/inspector/shared/style-change-tracker.js", 66))
TypeError: currentNode is null: canMutationImpactCurrentStyles@resource://devtools/client/inspector/shared/style-change-tracker.js:66:20
onMutations@resource://devtools/client/inspector/shared/style-change-tracker.js:84:41
_emit@resource://devtools/shared/event-emitter.js:244:34
emit@resource://devtools/shared/event-emitter.js:190:18
emit@resource://devtools/shared/event-emitter.js:342:18
getMutations@resource://devtools/client/fronts/walker.js:311:10

console.warn: "Async method failed in safeAsyncMethod" (new Error("Connection closed, pending request to server0.conn0.windowGlobal2147483734/layout26, type getGrids failed\n\nRequest stack:\nrequest@resource://devtools/shared/protocol/Front.js:292:14\ngenerateRequestMethods/</frontProto[name]@resource://devtools/shared/protocol/Front/FrontClassWithSpec.js:46:19\ngetAllGrids@resource://devtools/client/fronts/layout.js:171:17\nexports.safeAsyncMethod/<@resource://devtools/shared/async-utils.js:61:25\ngetGrids@resource://devtools/client/inspector/grids/grid-inspector.js:449:35\n", "resource://devtools/shared/protocol/Front.js", 106))
console.warn: "Async method failed in safeAsyncMethod" (new Error("Connection closed, pending request to server0.conn0.windowGlobal2147483737/layout26, type getGrids failed\n\nRequest stack:\nrequest@resource://devtools/shared/protocol/Front.js:292:14\ngenerateRequestMethods/</frontProto[name]@resource://devtools/shared/protocol/Front/FrontClassWithSpec.js:46:19\ngetAllGrids@resource://devtools/client/fronts/layout.js:171:17\nexports.safeAsyncMethod/<@resource://devtools/shared/async-utils.js:61:25\ngetGrids@resource://devtools/client/inspector/grids/grid-inspector.js:449:35\n", "resource://devtools/shared/protocol/Front.js", 106))
console.error: (new InvalidStateError("JSWindowActorChild.sendAsyncMessage: JSWindowActorChild cannot send at the moment", (void 0), 327))
InvalidStateError: JSWindowActorChild.sendAsyncMessage: JSWindowActorChild cannot send at the moment: _createTargetActor/<@resource://devtools/server/connectors/js-window-actor/DevToolsFrameChild.jsm:327:12
newListener@resource://devtools/shared/event-emitter.js:173:27
_emit@resource://devtools/shared/event-emitter.js:244:34
emit@resource://devtools/shared/event-emitter.js:190:18
emit@resource://devtools/shared/event-emitter.js:342:18
destroy@resource://devtools/server/actors/targets/window-global.js:743:10
module.exports/proto.destroy@resource://devtools/server/actors/targets/target-actor-mixin.js:244:30
instantiate@resource://devtools/server/connectors/js-window-actor/DevToolsFrameChild.jsm:242:26
handleEvent@resource://devtools/server/connectors/js-window-actor/DevToolsFrameChild.jsm:651:12

console.error: "Unable to find target with innerWindowId:2147483730"
console.error: "Unable to find target with innerWindowId:2147483734"
JavaScript warning: https://accounts.zalando.com/gKc6BO/p/W/2mr1Q0Ez4leL/z1kOGcV3Yz/I0J6RQ/azkvGFY3/ISc, line 1: unreachable code after return statement
JavaScript warning: https://accounts.zalando.com/gKc6BO/p/W/2mr1Q0Ez4leL/z1kOGcV3Yz/I0J6RQ/azkvGFY3/ISc, line 1: WEBGL_debug_renderer_info is deprecated in Firefox and will be removed. Please use RENDERER.
console.error: "Unable to find target with innerWindowId:2147483730"
JavaScript error: resource://gre/modules/AsyncShutdown.jsm, 1646138905762	mozrunner::runner	INFO	Running command: "C:\\Progr1646138905767	Marionette	INFO	Stopped listening on port 54995
console.warn: TopSitesFeed: Failed to fetch data from Contile server: NetworkError when attempting to fetch resour1646138906131	Marionette	INFO	Marionette enabled
console.warn: SearchSettings: "get: No settings file exists, new profile?" (new NotFoundError("Could not open the file at C:\\Users\\deepa\\AppData\\Local\\Temp\\rust_mozprofileMc8S7R\\search.json.mozlz4", (void 0)))
DevTools listening on ws://localhost:55321/devtools/browser/7b2fce48-ea98-4e3b-afc6-d023d1404e1e
1646138908195	Marionette	INFO	Listening on port 55328
1646138908442	RemoteAgent	WARN	TLS certificate errors will be ignored for this session
JavaScript warning: https://accounts.zalando.com/gKc6BO/p/W/2mr1Q0Ez4leL/z1kOGcV3Yz/I0J6RQ/azkvGFY3/ISc, line 1: unreachable code after return statement
JavaScript warning: https://accounts.zalando.com/gKc6BO/p/W/2mr1Q0Ez4leL/z1kOGcV3Yz/I0J6RQ/azkvGFY3/ISc, line 1: WEBGL_debug_renderer_info is deprecated in Firefox and will be removed. Please use RENDERER.
console.warn: LoginRecipes: "getRecipes: falling back to a synchronous message for:" "https://accounts.zalando.com"
JavaScript warning: https://www.zalando.it/TluOby/XM6GEH/qJ/A0hN/g1MgfMTJA/um7hGNYa7a/OFIrR2o/Ci/QDUWNBWF0, line 1: unreachable code after return statement
JavaScript warning: https://www.zalando.it/TluOby/XM6GEH/qJ/A0hN/g1MgfMTJA/um7hGNYa7a/OFIrR2o/Ci/QDUWNBWF0, line 1: WEBGL_debug_renderer_info is deprecated in Firefox and will be removed. Please use RENDERER.
JavaScript warning: https://www.zalando.it/TluOby/XM6GEH/qJ/A0hN/g1MgfMTJA/um7hGNYa7a/OFIrR2o/Ci/QDUWNBWF0, line 1: unreachable code after return statement
JavaScript warning: https://www.zalando.it/TluOby/XM6GEH/qJ/A0hN/g1MgfMTJA/um7hGNYa7a/OFIrR2o/Ci/QDUWNBWF0, line 1: WEBGL_debug_renderer_info is deprecated in Firefox and will be removed. Please use RENDERER.
1646138938216	Marionette	INFO	Stopped listening on port 55321646138940500	mozrunner::runner	INFO	Running command: "C:\\Program Files\\Mozilla Firefox\\firefox.exe" "--marionette" "--remote-debugging-port" "55432" "-no-remote" "-profile" "C:\\Users\\deepa\\AppData\\Local\\Temp\\rust_mozprofile4Nkvty"
1646138940797	Marionette	INFO	Marionette enabled
console.warn: SearchSettings: "get: No settings file exists, new profile?" (new NotFoundError("Could not open the file at C:\\Users\\deepa\\AppData\\Local\\Temp\\rust_mozprofile4Nkvty\\search.json.mozlz4", (void 0)))
DevTools listening on ws://localhost:55432/devtools/browser/f1377990-489a-4d29-a559-8e390e9dd194
1646138942739	Marionette	INFO	Listening on port 55440
1646138943178	RemoteAgent	WARN	TLS certificate errors will be ignored for this session
JavaScript warning: https://accounts.zalando.com/gKc6BO/p/W/2mr1Q0Ez4leL/z1kOGcV3Yz/I0J6RQ/azkvGFY3/ISc, line 1: unreachable code after return statement
JavaScript warning: https://accounts.zalando.com/gKc6BO/p/W/2mr1Q0Ez4leL/z1kOGcV3Yz/I0J6RQ/azkvGFY3/ISc, line 1: WEBGL_debug_renderer_info is deprecated in Firefox and will be removed. Please use RENDERER.
console.warn: LoginRecipes: "getRecipes: falling back to a synchronous message for:" "https://accounts.zalando.com"
JavaScript warning: https://www.zalando.it/TluOby/XM6GEH/qJ/A0hN/g1MgfMTJA/um7hGNYa7a/OFIrR2o/Ci/QDUWNBWF0, line 1: unreachable code after return statement
JavaScript warning: https://www.zalando.it/TluOby/XM6GEH/qJ/A0hN/g1MgfMTJA/um7hGNYa7a/OFIrR2o/Ci/QDUWNBWF0, line 1: WEBGL_debug_renderer_info is deprecated in Firefox and will be removed. Please use RENDERER.
JavaScript warning: https://www.zalando.it/TluOby/XM6GEH/qJ/A0hN/g1MgfMTJA/um7hGNYa7a/OFIrR2o/Ci/QDUWNBWF0, line 1: unreachable code after return statement
JavaScript warning: https://www.zalando.it/TluOby/XM6GEH/qJ/A0hN/g1MgfMTJA/um7hGNYa7a/OFIrR2o/Ci/QDUWNBWF0, line 1: WEBGL_debug_renderer_info is deprecated in Firefox and will be removed. Please use RENDERER.
1646139503234	geckodriver	INFO	Listening on 127.0.0.1:55824
1646139506291	mozrunner::runner	INFO	Running command: "C:\\Program Files\\Mozilla Firefox\\firefox.exe" "--marionette" "--remote-debugging-port" "55825" "-no-remote" "-profile" "C:\\Users\\deepa\\AppData\\Local\\Temp\\rust_mozprofileb1RFPJ"
1646139506679	Marionette	INFO	Marionette enabled
console.warn: SearchSettings: "get: No settings file exists, new profile?" (new NotFoundError("Could not open the file at C:\\Users\\deepa\\AppData\\Local\\Temp\\rust_mozprofileb1RFPJ\\search.json.mozlz4", (void 0)))
DevTools listening on ws://localhost:55825/devtools/browser/08ae52c7-b8a4-4e6d-a469-250d2035dc47
1646139509309	Marionette	INFO	Listening on port 55848
1646139509516	RemoteAgent	WARN	TLS certificate errors will be ignored for this session
JavaScript warning: https://accounts.zalando.com/gKc6BO/p/W/2mr1Q0Ez4leL/z1kOGcV3Yz/I0J6RQ/azkvGFY3/ISc, line 1: unreachable code after return statement
JavaScript warning: https://accounts.zalando.com/gKc6BO/p/W/2mr1Q0Ez4leL/z1kOGcV3Yz/I0J6RQ/azkvGFY3/ISc, line 1: WEBGL_debug_renderer_info is deprecated in Firefox and will be removed. Please use RENDERER.
console.warn: LoginRecipes: "getRecipes: falling back to a synchronous message for:" "https://accounts.zalando.com"
JavaScript warning: https://www.zalando.it/TluOby/XM6GEH/qJ/A0hN/g1MgfMTJA/um7hGNYa7a/OFIrR2o/Ci/QDUWNBWF0, line 1: unreachable code after return statement
JavaScript warning: https://www.zalando.it/TluOby/XM6GEH/qJ/A0hN/g1MgfMTJA/um7hGNYa7a/OFIrR2o/Ci/QDUWNBWF0, line 1: WEBGL_debug_renderer_info is deprecated in Firefox and will be removed. Please use RENDERER.
JavaScript warning: https://www.zalando.it/TluOby/XM6GEH/qJ/A0hN/g1MgfMTJA/um7hGNYa7a/OFIrR2o/Ci/QDUWNBWF0, line 1: unreachable code after return statement
JavaScript warning: https://www.zalando.it/TluOby/XM6GEH/qJ/A0hN/g1MgfMTJA/um7hGNYa7a/OFIrR2o/Ci/QDUWNBWF0, line 1: WEBGL_debug_renderer_info is deprecated in Firefox and will be removed. Please use RENDERER.
JavaScript warning: https://www.zalando.it/TluOby/XM6GEH/qJ/A0hN/g1MgfMTJA/um7hGNYa7a/OFIrR2o/Ci/QDUWNBWF0, line 1: unreachable code after return statement
JavaScript warning: https://www.zalando.it/TluOby/XM6GEH/qJ/A0hN/g1MgfMTJA/um7hGNYa7a/OFIrR2o/Ci/QDUWNBWF0, line 1: WEBGL_debug_renderer_info is deprecated in Firefox and will be removed. Please use RENDERER.
console.error: (new InvalidStateError("JSWindowActorChild.sendAsyncMessage: JSWindowActorChild cannot send at the moment", (void 0), 327))
InvalidStateError: JSWindowActorChild.sendAsyncMessage: JSWindowActorChild cannot send at the moment: _createTargetActor/<@resource://devtools/server/connectors/js-window-actor/DevToolsFrameChild.jsm:327:12
newListener@resource://devtools/shared/event-emitter.js:173:27
_emit@resource://devtools/shared/event-emitter.js:244:34
emit@resource://devtools/shared/event-emitter.js:190:18
emit@resource://devtools/shared/event-emitter.js:342:18
destroy@resource://devtools/server/actors/targets/window-global.js:743:10
module.exports/proto.destroy@resource://devtools/server/actors/targets/target-actor-mixin.js:244:30
instantiate@resource://devtools/server/connectors/js-window-actor/DevToolsFrameChild.jsm:242:26
handleEvent@resource://devtools/server/connectors/js-window-actor/DevToolsFrameChild.jsm:651:12

console.error: "Unable to find target with innerWindowId:2147483680"
JavaScript warning: https://www.zalando.it/TluOby/XM6GEH/qJ/A0hN/g1MgfMTJA/um7hGNYa7a/OFIrR2o/Ci/QDUWNBWF0, line 1: unreachable code after return statement
JavaScript warning: https://www.zalando.it/TluOby/XM6GEH/qJ/A0hN/g1MgfMTJA/um7hGNYa7a/OFIrR2o/Ci/QDUWNBWF0, line 1: WEBGL_debug_renderer_info is deprecated in Firefox and will be removed. Please use RENDERER.
console.error: (new TypeError("currentNode is null", "resource://devtools/client/inspector/shared/style-change-tracker.js", 66))
TypeError: currentNode is null: canMutationImpactCurrentStyles@resource://devtools/client/inspector/shared/style-change-tracker.js:66:20
onMutations@resource://devtools/client/inspector/shared/style-change-tracker.js:84:41
_emit@resource://devtools/shared/event-emitter.js:244:34
emit@resource://devtools/shared/event-emitter.js:190:18
emit@resource://devtools/shared/event-emitter.js:342:18
getMutations@resource://devtools/client/fronts/walker.js:311:10

console.error: (new InvalidStateError("JSWindowActorChild.sendAsyncMessage: JSWindowActorChild cannot send at the moment", (void 0), 327))
InvalidStateError: JSWindowActorChild.sendAsyncMessage: JSWindowActorChild cannot send at the moment: _createTargetActor/<@resource://devtools/server/connectors/js-window-actor/DevToolsFrameChild.jsm:327:12
newListener@resource://devtools/shared/event-emitter.js:173:27
_emit@resource://devtools/shared/event-emitter.js:244:34
emit@resource://devtools/shared/event-emitter.js:190:18
emit@resource://devtools/shared/event-emitter.js:342:18
destroy@resource://devtools/server/actors/targets/window-global.js:743:10
module.exports/proto.destroy@resource://devtools/server/actors/targets/target-actor-mixin.js:244:30
instantiate@resource://devtools/server/connectors/js-window-actor/DevToolsFrameChild.jsm:242:26
handleEvent@resource://devtools/server/connectors/js-window-actor/DevToolsFrameChild.jsm:651:12

console.error: "Unable to find target with innerWindowId:2147483696"
console.error: "Unable to find target with innerWindowId:2147483696"
JavaScript warning: https://accounts.zalando.com/gKc6BO/p/W/2mr1Q0Ez4leL/z1kOGcV3Yz/I0J6RQ/azkvGFY3/ISc, line 1: unreachable code after return statement
JavaScript warning: https://accounts.zalando.com/gKc6BO/p/W/2mr1Q0Ez4leL/z1kOGcV3Yz/I0J6RQ/azkvGFY3/ISc, line 1: WEBGL_debug_renderer_info is deprecated in Firefox and will be removed. Please use RENDERER.
JavaScript warning: https://www.zalando.it/TluOby/XM6GEH/qJ/A0hN/g1MgfMTJA/um7hGNYa7a/OFIrR2o/Ci/QDUWNBWF0, line 1: unreachable code after return statement
JavaScript warning: https://www.zalando.it/TluOby/XM6GEH/qJ/A0hN/g1MgfMTJA/um7hGNYa7a/OFIrR2o/Ci/QDUWNBWF0, line 1: WEBGL_debug_renderer_info is deprecated in Firefox and will be removed. Please use RENDERER.
console.error: (new InvalidStateError("JSWindowActorChild.sendAsyncMessage: JSWindowActorChild cannot send at the moment", (void 0), 327))
InvalidStateError: JSWindowActorChild.sendAsyncMessage: JSWindowActorChild cannot send at the moment: _createTargetActor/<@resource://devtools/server/connectors/js-window-actor/DevToolsFrameChild.jsm:327:12
newListener@resource://devtools/shared/event-emitter.js:173:27
_emit@resource://devtools/shared/event-emitter.js:244:34
emit@resource://devtools/shared/event-emitter.js:190:18
emit@resource://devtools/shared/event-emitter.js:342:18
destroy@resource://devtools/server/actors/targets/window-global.js:743:10
module.exports/proto.destroy@resource://devtools/server/actors/targets/target-actor-mixin.js:244:30
instantiate@resource://devtools/server/connectors/js-window-actor/DevToolsFrameChild.jsm:242:26
handleEvent@resource://devtools/server/connectors/js-window-actor/DevToolsFrameChild.jsm:651:12

console.error: "Unable to find target with innerWindowId:2147483713"
JavaScript warning: https://www.zalando.it/TluOby/XM6GEH/qJ/A0hN/g1MgfMTJA/um7hGNYa7a/OFIrR2o/Ci/QDUWNBWF0, line 1: unreachable code after return statement
JavaScript warning: https://www.zalando.it/TluOby/XM6GEH/qJ/A0hN/g1MgfMTJA/um7hGNYa7a/OFIrR2o/Ci/QDUWNBWF0, line 1: WEBGL_debug_renderer_info is deprecated in Firefox and will be removed. Please use RENDERER.
JavaScript error: , line 0: NotFoundError: No such JSWindowActor 'DevToolsFrame'
JavaScript error: , line 0: NotFoundError: No such JSWindowActor 'DevToolsFrame'
JavaScript error: , line 0: NotFoundError: No such JSWindowActor 'DevToolsFrame'
JavaScript error: , line 0: NotFoundError: No such JSWindowActor 'DevToolsFrame'
JavaScript error: , line 0: NotFoundError: No such JSWindowActor 'DevToolsFrame'
JavaScript error: , line 0: NotFoundError: No such JSWindowActor 'DevToolsFrame'
JavaScript error: , line 0: NotFoundError: No such JSWindowActor 'DevToolsFrame'
JavaScript warning: https://www.zalando.it/TluOby/XM6GEH/qJ/A0hN/g1MgfMTJA/um7hGNYa7a/OFIrR2o/Ci/QDUWNBWF0, line 1: unreachable code after return statement
JavaScript warning: https://www.zalando.it/TluOby/XM6GEH/qJ/A0hN/g1MgfMTJA/um7hGNYa7a/OFIrR2o/Ci/QDUWNBWF0, line 1: WEBGL_debug_renderer_info is deprecated in Firefox and will be removed. Please use RENDERER.
JavaScript warning: https://www.zalando.it/TluOby/XM6GEH/qJ/A0hN/g1MgfMTJA/um7hGNYa7a/OFIrR2o/Ci/QDUWNBWF0, line 1: unreachable code after return statement
JavaScript warning: https://www.zalando.it/TluOby/XM6GEH/qJ/A0hN/g1MgfMTJA/um7hGNYa7a/OFIrR2o/Ci/QDUWNBWF0, line 1: WEBGL_debug_renderer_info is deprecated in Firefox and will be removed. Please use RENDERER.
JavaScript warning: https://www.zalando.it/TluOby/XM6GEH/qJ/A0hN/g1MgfMTJA/um7hGNYa7a/OFIrR2o/Ci/QDUWNBWF0, line 1: unreachable code after return statement
JavaScript warning: https://www.zalando.it/TluOby/XM6GEH/qJ/A0hN/g1MgfMTJA/um7hGNYa7a/OFIrR2o/Ci/QDUWNBWF0, line 1: WEBGL_debug_renderer_info is deprecated in Firefox and will be removed. Please use RENDERER.
JavaScript warning: https://www.zalando.it/TluOby/XM6GEH/qJ/A0hN/g1MgfMTJA/um7hGNYa7a/OFIrR2o/Ci/QDUWNBWF0, line 1: unreachable code after return statement
JavaScript warning: https://www.zalando.it/TluOby/XM6GEH/qJ/A0hN/g1MgfMTJA/um7hGNYa7a/OFIrR2o/Ci/QDUWNBWF0, line 1: WEBGL_debug_renderer_info is deprecated in Firefox and will be removed. Please use RENDERER.
JavaScript warning: https://www.zalando.it/TluOby/XM6GEH/qJ/A0hN/g1MgfMTJA/um7hGNYa7a/OFIrR2o/Ci/QDUWNBWF0, line 1: unreachable code after return statement
JavaScript warning: https://www.zalando.it/TluOby/XM6GEH/qJ/A0hN/g1MgfMTJA/um7hGNYa7a/OFIrR2o/Ci/QDUWNBWF0, line 1: WEBGL_debug_renderer_info is deprecated in Firefox and will be removed. Please use RENDERER.
1646141191663	Marionette	INFO	Stopped listening on port 55848
console.warn: TopSitesFeed: Failed to fetch data from Contile server: NetworkError when attempting to fetch resource.
ER.
1646139870290	Marionette	INFO	Stopped listening on port 56195

###!!! [Parent][PGPUParent] Error: RunMessage(msgname=PGPU::Msg_ShutdownVR) Channel closing: too late to send/recv, messages will be lost

1646142156920	geckodriver	INFO	Listening on 127.0.0.1:53521
1646142159949	mozrunner::runner	INFO	Running command: "C:\\Program Files\\Mozilla Firefox\\firefox.exe" "--marionette" "--remote-debugging-port" "53522" "-no-remote" "-profile" "C:\\Users\\deepa\\AppData\\Local\\Temp\\rust_mozprofile9UPtAX"
1646142160237	Marionette	INFO	Marionette enabled
console.warn: SearchSettings: "get: No settings file exists, new profile?" (new NotFoundError("Could not open the file at C:\\Users\\deepa\\AppData\\Local\\Temp\\rust_mozprofile9UPtAX\\search.json.mozlz4", (void 0)))
DevTools listening on ws://localhost:53522/devtools/browser/1ef0d6d1-86e0-41f9-98b9-53501eb50b4e
1646142162266	Marionette	INFO	Listening on port 53530
1646142162640	RemoteAgent	WARN	TLS certificate errors will be ignored for this session
JavaScript warning: https://en.zalando.de/-fnoO_CI/l6Y/ycW/lD9IL4c6TP/7G3czX3Nutr3/Zmp6JgE/WykcHix8/GUo, line 1: unreachable code after return statement
JavaScript warning: https://en.zalando.de/-fnoO_CI/l6Y/ycW/lD9IL4c6TP/7G3czX3Nutr3/Zmp6JgE/WykcHix8/GUo, line 1: WEBGL_debug_renderer_info is deprecated in Firefox and will be removed. Please use RENDERER.
JavaScript error: https://mosaic01.ztat.net/base-assets/require-2.1.22.min.js, line 8: Error: Script error for "https://mosaic02.ztat.net/rnd/ng/product_structured-data/index-e0e7b6da55a66aabed6e.js"
http://requirejs.org/docs/errors.html#scripterror
JavaScript error: https://mosaic01.ztat.net/base-assets/require-2.1.22.min.js, line 8: Error: Script error for "https://mosaic02.ztat.net/rnd/ng/product_brand-banner/index-6049913d476938de7c8c.js"
http://requirejs.org/docs/errors.html#scripterror
JavaScript error: https://mosaic01.ztat.net/base-assets/require-2.1.22.min.js, line 8: Error: Script error for "https://mosaic02.ztat.net/rnd/ng/entity_outfit-notifications/index-c7442b48f326b362b784.js"
http://requirejs.org/docs/errors.html#scripterror
JavaScript error: https://mosaic01.ztat.net/base-assets/require-2.1.22.min.js, line 8: Error: Script error for "https://mosaic02.ztat.net/rnd/ng/product_sizing/index-01f12e381ed9ea2bdd57.js"
http://requirejs.org/docs/errors.html#scripterror
JavaScript error: https://mosaic01.ztat.net/base-assets/require-2.1.22.min.js, line 8: Error: Script error for "https://mosaic02.ztat.net/rnd/ng/product_attributes/index-e67e9c39327a0a04864b.js"
http://requirejs.org/docs/errors.html#scripterror
JavaScript error: https://mosaic01.ztat.net/base-assets/require-2.1.22.min.js, line 8: Error: Script error for "https://mosaic02.ztat.net/rnd/ng/entity_plus-exclusivity-notifications/index-9a2b675ae5c931377789.js"
http://requirejs.org/docs/errors.html#scripterror
JavaScript error: https://mosaic01.ztat.net/base-assets/require-2.1.22.min.js, line 8: Error: Script error for "https://mosaic02.ztat.net/rnd/ng/product_convenience/index-b40cc1df1fff614c0fad.js"
http://requirejs.org/docs/errors.html#scripterror
JavaScript error: https://mosaic01.ztat.net/base-assets/require-2.1.22.min.js, line 8: Error: Script error for "https://mosaic02.ztat.net/rnd/ng/product_reviews/index-af3321de2dbe7cda4d8c.js"
http://requirejs.org/docs/errors.html#scripterror
JavaScript error: https://mosaic01.ztat.net/base-assets/require-2.1.22.min.js, line 8: Error: Script error for "https://mosaic02.ztat.net/rnd/ng/newsletter-consent_banner/index-64db8390c3efba950827.js"
http://requirejs.org/docs/errors.html#scripterror
JavaScript warning: https://accounts.zalando.com/gKc6BO/p/W/2mr1Q0Ez4leL/z1kOGcV3Yz/I0J6RQ/azkvGFY3/ISc, line 1: unreachable code after return statement
JavaScript warning: https://accounts.zalando.com/gKc6BO/p/W/2mr1Q0Ez4leL/z1kOGcV3Yz/I0J6RQ/azkvGFY3/ISc, line 1: WEBGL_debug_renderer_info is deprecated in Firefox and will be removed. Please use RENDERER.
console.warn: LoginRecipes: "getRecipes: falling back to a synchronous message for:" "https://accounts.zalando.com"
JavaScript warning: https://en.zalando.de/-fnoO_CI/l6Y/ycW/lD9IL4c6TP/7G3czX3Nutr3/Zmp6JgE/WykcHix8/GUo, line 1: unreachable code after return statement
JavaScript warning: https://en.zalando.de/-fnoO_CI/l6Y/ycW/lD9IL4c6TP/7G3czX3Nutr3/Zmp6JgE/WykcHix8/GUo, line 1: WEBGL_debug_renderer_info is deprecated in Firefox and will be removed. Please use RENDERER.
JavaScript warning: https://accounts.zalando.com/gKc6BO/p/W/2mr1Q0Ez4leL/z1kOGcV3Yz/I0J6RQ/azkvGFY3/ISc, line 1: unreachable code after return statement
JavaScript warning: https://accounts.zalando.com/gKc6BO/p/W/2mr1Q0Ez4leL/z1kOGcV3Yz/I0J6RQ/azkvGFY3/ISc, line 1: WEBGL_debug_renderer_info is deprecated in Firefox and will be removed. Please use RENDERER.
JavaScript warning: https://en.zalando.de/-fnoO_CI/l6Y/ycW/lD9IL4c6TP/7G3czX3Nutr3/Zmp6JgE/WykcHix8/GUo, line 1: unreachable code after return statement
JavaScript warning: https://en.zalando.de/-fnoO_CI/l6Y/ycW/lD9IL4c6TP/7G3czX3Nutr3/Zmp6JgE/WykcHix8/GUo, line 1: WEBGL_debug_renderer_info is deprecated in Firefox and will be removed. Please use RENDERER.
JavaScript warning: https://accounts.zalando.com/gKc6BO/p/W/2mr1Q0Ez4leL/z1kOGcV3Yz/I0J6RQ/azkvGFY3/ISc, line 1: WEBGL_debug_renderer_info is deprecated in Firefox and will be removed. Please use RENDERER.
console.error: (new InvalidStateError("JSWindowActorChild.sendAsyncMessage: JSWindowActorChild cannot send at the moment", (void 0), 327))
InvalidStateError: JSWindowActorChild.sendAsyncMessage: JSWindowActorChild cannot send at the moment: _createTargetActor/<@resource://devtools/server/connectors/js-window-actor/DevToolsFrameChild.jsm:327:12
newListener@resource://devtools/shared/event-emitter.js:173:27
_emit@resource://devtools/shared/event-emitter.js:244:34
emit@resource://devtools/shared/event-emitter.js:190:18
emit@resource://devtools/shared/event-emitter.js:342:18
destroy@resource://devtools/server/actors/targets/window-global.js:743:10
module.exports/proto.destroy@resource://devtools/server/actors/targets/target-actor-mixin.js:244:30
instantiate@resource://devtools/server/connectors/js-window-actor/DevToolsFrameChild.jsm:242:26
handleEvent@resource://devtools/server/connectors/js-window-actor/DevToolsFrameChild.jsm:651:12

JavaScript warning: https://accounts.zalando.com/gKc6BO/p/W/2mr1Q0Ez4leL/z1kOGcV3Yz/I0J6RQ/azkvGFY3/ISc, line 1: unreachable code after return statement
JavaScript error: resource://gre/modules/AsyncShutdown.jsm, line 575: NotFoundError: No such JSWindowActor 'DevToolsFrame'
1646142616678	Marionette	INFO	Stopped listening on port 53530
console.warn: TopSitesFeed: Failed to fetch data from Contile server: NetworkError when attempting to fetch resource.

###!!! [Parent][PGPUParent] Error: RunMessaconsole.warn: SearchSettings: "get: No settings file exists, new profile?" (new NotFoundError("Could not open the file at C:\\Users\\deepa\\AppData\\Local\\Temp\\rust_mozprofilev6AupK\\search.json.mozlz4", (void 0)))
DevTools listening on ws://localhost:54069/devtools/browser/d463a2af-d584-4a68-9a0e-4754658931b8
1646142618440	Marionette	INFO	Listening on port 54076
1646142618860	RemoteAgent	WARN	TLS certificate errors will be ignored for this session
JavaScript warning: https://en.zalando.de/-fnoO_CI/l6Y/ycW/lD9IL4c6TP/7G3czX3Nutr3/Zmp6JgE/WykcHix8/GUo, line 1: unreachable code after return statement
JavaScript warning: https://en.zalando.de/-fnoO_CI/l6Y/ycW/lD9IL4c6TP/7G3czX3Nutr3/Zmp6JgE/WykcHix8/GUo, line 1: WEBGL_debug_renderer_info is deprecated in Firefox and will be removed. Please use RENDERER.
JavaScript warning: https://accounts.zalando.com/gKc6BO/p/W/2mr1Q0Ez4leL/z1kOGcV3Yz/I0J6RQ/azkvGFY3/ISc, line 1: unreachable code after return statement
JavaScript warning: https://accounts.zalando.com/gKc6BO/p/W/2mr1Q0Ez4leL/z1kOGcV3Yz/I0J6RQ/azkvGFY3/ISc, line 1: WEBGL_debug_renderer_info is deprecated in Firefox and will be removed. Please use RENDERER.
1646142633936	Marionette	INFO	Stopped listening on port 54076

###!!! [Parent][PGPUParent] Error: RunMessage(msgname=PGPU::Msg_ShutdownVR) Channel closing: too late to send/recv, messages will be lost

1646142667305	geckodriver	INFO	Listening on 127.0.0.1:54232
1646142670344	mozrunner::runner	INFO	Running command: "C:\\Program Files\\Mozilla Firefox\\firefox.exe" "--marionette" "--remote-debugging-port" "54233" "-no-remote" "-profile" "C:\\Users\\deepa\\AppData\\Local\\Temp\\rust_mozprofileJXpexW"
1646142670644	Marionette	INFO	Marionette enabled
console.warn: SearchSettings: "get: No settings file exists, new profile?" (new NotFoundError("Could not open the file at C:\\Users\\deepa\\AppData\\Local\\Temp\\rust_mozprofileJXpexW\\search.json.mozlz4", (void 0)))
DevTools listening on ws://localhost:54233/devtools/browser/29a2cbaf-d99f-4f29-920f-1be89cfbc548
1646142672398	Marionette	INFO	Listening on port 54241
1646142672506	RemoteAgent	WARN	TLS certificate errors will be ignored for this session
JavaScript warning: https://en.zalando.de/-fnoO_CI/l6Y/ycW/lD9IL4c6TP/7G3czX3Nutr3/Zmp6JgE/WykcHix8/GUo, line 1: unreachable code after return statement
JavaScript warning: https://en.zalando.de/-fnoO_CI/l6Y/ycW/lD9IL4c6TP/7G3czX3Nutr3/Zmp6JgE/WykcHix8/GUo, line 1: WEBGL_debug_renderer_info is deprecated in Firefox and will be removed. Please use RENDERER.
JavaScript error: https://mosaic01.ztat.net/base-assets/require-2.1.22.min.js, line 8: Error: Script error for "https://mosaic02.ztat.net/lyl/membership-fragment/assets/00d4c1f6159fc7f941ed.sign-up-overlay.js"
http://requirejs.org/docs/errors.html#scripterror
JavaScript warning: https://accounts.zalando.com/gKc6BO/p/W/2mr1Q0Ez4leL/z1kOGcV3Yz/I0J6RQ/azkvGFY3/ISc, line 1: unreachable code after return statement
JavaScript warning: https://accounts.zalando.com/gKc6BO/p/W/2mr1Q0Ez4leL/z1kOGcV3Yz/I0J6RQ/azkvGFY3/ISc, line 1: WEBGL_debug_renderer_info is deprecated in Firefox and will be removed. Please use RENDERER.
1646142677340	Marionette	WARN	TimedPromise timed out after 500 ms: stacktrace:
TimedPromise/<@chrome://remote/content/marionette/sync.js:235:19
TimedPromise@chrome://remote/content/marionette/sync.js:220:10
interaction.flushEventLoop@chrome://remote/content/marionette/interaction.js:431:10
webdriverClickElement@chrome://remote/content/marionette/interaction.js:179:31
1646142913373	Marionette	INFO	Stopped listening on port 54241
console.warn: TopSitesFeed: Failed to fetch data from Contile server: NetworkError when attempting to fetch resource.

###!!! [Parent][PGPUParent] Error: RunMessage(msgname=PGPU::Msg_ShutdownVR) Channel closing: too late to send/recv, messages will be lost

1646142978914	geckodriver	INFO	Listening on 127.0.0.1:54582
1646142981960	mozrunner::runner	INFO	Running command: "C:\\Program Files\\Mozilla Firefox\\firefox.exe" "--marionette" "--remote-debugging-port" "54583" "-no-remote" "-profile" "C:\\Users\\deepa\\AppData\\Local\\Temp\\rust_mozprofilefjVKxO"
1646142982240	Marionette	INFO	Marionette enabled
console.warn: SearchSettings: "get: No settings file exists, new profile?" (new NotFoundError("Could not open the file at C:\\Users\\deepa\\AppData\\Local\\Temp\\rust_mozprofilefjVKxO\\search.json.mozlz4", (void 0)))
DevTools listening on ws://localhost:54583/devtools/browser/cc700346-c423-4a28-a980-3ca59dcd6a31
1646142984061	Marionette	INFO	Listening on port 54590
1646142984120	RemoteAgent	WARN	TLS certificate errors will be ignored for this session
JavaScript warning: https://en.zalando.de/-fnoO_CI/l6Y/ycW/lD9IL4c6TP/7G3czX3Nutr3/Zmp6JgE/WykcHix8/GUo, line 1: unreachable code after return statement
JavaScript warning: https://en.zalando.de/-fnoO_CI/l6Y/ycW/lD9IL4c6TP/7G3czX3Nutr3/Zmp6JgE/WykcHix8/GUo, line 1: WEBGL_debug_renderer_info is deprecated in Firefox and will be removed. Please use RENDERER.
JavaScript error: https://mosaic01.ztat.net/base-assets/require-2.1.22.min.js, line 8: Error: Script error for "https://mosaic03.ztat.net/seo/glados/fdc9857b2950aeb82d52-main.js"
http://requirejs.org/docs/errors.html#scripterror
JavaScript error: https://mosaic01.ztat.net/base-assets/require-2.1.22.min.js, line 8: Error: Script error for "https://mosaic02.ztat.net/cst/mini-cart-k8s/32c7c8c97a9585cca73d/miniCart.js"
http://requirejs.org/docs/errors.html#scripterror
JavaScript error: https://mosaic01.ztat.net/base-assets/require-2.1.22.min.js, line 8: Error: Script error for "https://mosaic01.ztat.net/nvg/z-footer-fragment/b6bf94d43466a13725e8-footer.js"
http://requirejs.org/docs/errors.html#scripterror
JavaScript error: https://mosaic01.ztat.net/base-assets/require-2.1.22.min.js, line 8: Error: Script error for "https://mosaic02.ztat.net/lyl/membership-fragment/assets/00d4c1f6159fc7f941ed.sign-up-overlay.js"
http://requirejs.org/docs/errors.html#scripterror
JavaScript warning: https://accounts.zalando.com/gKc6BO/p/W/2mr1Q0Ez4leL/z1kOGcV3Yz/I0J6RQ/azkvGFY3/ISc, line 1: unreachable code after return statement
JavaScript warning: https://accounts.zalando.com/gKc6BO/p/W/2mr1Q0Ez4leL/z1kOGcV3Yz/I0J6RQ/azkvGFY3/ISc, line 1: WEBGL_debug_renderer_info is deprecated in Firefox and will be removed. Please use RENDERER.
1646143028467	Marionette	INFO	Stopped listening on port 54591646143029210	mozrunner::runner	INFO	Running command: "C:\\Program Files\\Mozilla Firefox\\firefox.exe" "--marionette" "--remote-debugging-port" "54710" "-no-remote" "-profile" "C:\\Users\\deepa\\AppData\\Local\\Temp\\rust_mozprofileuaN2j5"
1646143029493	Marionette	INFO	Marionette enabled
console.warn: SearchSettings: "get: No settings file exists, new profile?" (new NotFoundError("Could not open the file at C:\\Users\\deepa\\AppData\\Local\\Temp\\rust_mozprofileuaN2j5\\search.json.mozlz4", (void 0)))
DevTools listening on ws://localhost:54710/devtools/browser/5f23de73-8c36-4fb4-8c5b-81761418d241
1646143031311	Marionette	INFO	Listening on port 54719
1646143031384	RemoteAgent	WARN	TLS certificate errors will be ignored for this session
JavaScript warning: https://en.zalando.de/-fnoO_CI/l6Y/ycW/lD9IL4c6TP/7G3czX3Nutr3/Zmp6JgE/WykcHix8/GUo, line 1: unreachable code after return statement
JavaScript warning: https://en.zalando.de/-fnoO_CI/l6Y/ycW/lD9IL4c6TP/7G3czX3Nutr3/Zmp6JgE/WykcHix8/GUo, line 1: WEBGL_debug_renderer_info is deprecated in Firefox and will be removed. Please use RENDERER.
JavaScript warning: https://accounts.zalando.com/gKc6BO/p/W/2mr1Q0Ez4leL/z1kOGcV3Yz/I0J6RQ/azkvGFY3/ISc, line 1: unreachable code after return statement
JavaScript warning: https://accounts.zalando.com/gKc6BO/p/W/2mr1Q0Ez4leL/z1kOGcV3Yz/I0J6RQ/azkvGFY3/ISc, line 1: WEBGL_debug_renderer_info is deprecated in Firefox and will be removed. Please use RENDERER.
console.warn: LoginRecipes: "getRecipes: falling back to a synchronous message for:" "https://accounts.zalando.com"
JavaScript warning: https://en.zalando.de/-fnoO_CI/l6Y/ycW/lD9IL4c6TP/7G3czX3Nutr3/Zmp6JgE/WykcHix8/GUo, line 1: unreachable code after return statement
JavaScript warning: https://en.zalando.de/-fnoO_CI/l6Y/ycW/lD9IL4c6TP/7G3czX3Nutr3/Zmp6JgE/WykcHix8/GUo, line 1: WEBGL_debug_renderer_info is deprecated in Firefox and will be removed. Please use RENDERER.
1646143063214	Marionette	INFO	Stopped listening on port 54711646143065562	mozrunner::runner	INFO	Running command: "C:\\Program Files\\Mozilla Firefox\\firefox.exe" "--marionette" "--remote-debugging-port" "54859" "-no-remote" "-profile" "C:\\Users\\deepa\\AppData\\Local\\Temp\\rust_mozprofile2qRSO7"
1646143065848	Marionette	INFO	Marionette enabled
console.warn: SearchSettings: "get: No settings file exists, new profile?" (new NotFoundError("Could not open the file at C:\\Users\\deepa\\AppData\\Local\\Temp\\rust_mozprofile2qRSO7\\search.json.mozlz4", (void 0)))
DevTools listening on ws://localhost:54859/devtools/browser/23d3077f-e5b8-4f63-8e8f-226269c6bfae
1646143067645	Marionette	INFO	Listening on port 54868
1646143067742	RemoteAgent	WARN	TLS certificate errors will be ignored for this session
JavaScript warning: https://en.zalando.de/-fnoO_CI/l6Y/ycW/lD9IL4c6TP/7G3czX3Nutr3/Zmp6JgE/WykcHix8/GUo, line 1: unreachable code after return statement
JavaScript warning: https://en.zalando.de/-fnoO_CI/l6Y/ycW/lD9IL4c6TP/7G3czX3Nutr3/Zmp6JgE/WykcHix8/GUo, line 1: WEBGL_debug_renderer_info is deprecated in Firefox and will be removed. Please use RENDERER.
JavaScript error: https://mosaic01.ztat.net/base-assets/require-2.1.22.min.js, line 8: Error: Script error for "https://mosaic03.ztat.net/seo/glados/fdc9857b2950aeb82d52-main.js"
http://requirejs.org/docs/errors.html#scripterror
JavaScript error: https://mosaic01.ztat.net/base-assets/require-2.1.22.min.js, line 8: Error: Script error for "https://mosaic01.ztat.net/nvg/z-footer-fragment/b6bf94d43466a13725e8-footer.js"
http://requirejs.org/docs/errors.html#scripterror
JavaScript error: https://mosaic01.ztat.net/base-assets/require-2.1.22.min.js, line 8: Error: Script error for "https://mosaic02.ztat.net/cst/mini-cart-k8s/32c7c8c97a9585cca73d/miniCart.js"
http://requirejs.org/docs/errors.html#scripterror
JavaScript error: https://mosaic01.ztat.net/base-assets/require-2.1.22.min.js, line 8: Error: Script error for "https://mosaic02.ztat.net/lyl/membership-fragment/assets/00d4c1f6159fc7f941ed.sign-up-overlay.js"
http://requirejs.org/docs/errors.html#scripterror
JavaScript warning: https://accounts.zalando.com/gKc6BO/p/W/2mr1Q0Ez4leL/z1kOGcV3Yz/I0J6RQ/azkvGFY3/ISc, line 1: unreachable code after return statement
JavaScript warning: https://accounts.zalando.com/gKc6BO/p/W/2mr1Q0Ez4leL/z1kOGcV3Yz/I0J6RQ/azkvGFY3/ISc, line 1: WEBGL_debug_renderer_info is deprecated in Firefox and will be removed. Please use RENDERER.
1646143304309	Marionette	INFO	Stopped listening on port 54868
console.warn: TopSitesFeed: Failed to fetch data from Contile server: NetworkError when attempting to fetch resource.

###!!! [Parent][PGPUParent] Error: RunMessage(msgname=PGPU::Msg_ShutdownVR) Channel closing: too late to send/recv, messages will be lost

	INFO	Marionette enabled
console.warn: SearchSettings: "get: No settings file exists, new profile?" (new NotFoundError("Could not open the file at C:\\Users\\deepa\\AppData\\Local\\Temp\\rust_mozprofileFTUG8Q\\search.json.mozlz4", (void 0)))
DevTools listening on ws://localhost:55168/devtools/browser/47a2a4e6-a3d8-4c5c-92f9-0c028c11d0fe
1646143305399	Marionette	INFO	Listening on port 55175
1646143305430	RemoteAgent	WARN	TLS certificate errors will be ignored for this session
JavaScript warning: https://en.zalando.de/-fnoO_CI/l6Y/ycW/lD9IL4c6TP/7G3czX3Nutr3/Zmp6JgE/WykcHix8/GUo, line 1: unreachable code after return statement
JavaScript warning: https://en.zalando.de/-fnoO_CI/l6Y/ycW/lD9IL4c6TP/7G3czX3Nutr3/Zmp6JgE/WykcHix8/GUo, line 1: WEBGL_debug_renderer_info is deprecated in Firefox and will be removed. Please use RENDERER.
JavaScript error: https://mosaic01.ztat.net/base-assets/require-2.1.22.min.js, line 8: Error: Script error for "https://mosaic01.ztat.net/nvg/z-footer-fragment/b6bf94d43466a13725e8-footer.js"
http://requirejs.org/docs/errors.html#scripterror
JavaScript error: https://mosaic01.ztat.net/base-assets/require-2.1.22.min.js, line 8: Error: Script error for "https://mosaic02.ztat.net/cst/mini-cart-k8s/32c7c8c97a9585cca73d/miniCart.js"
http://requirejs.org/docs/errors.html#scripterror
JavaScript error: https://mosaic02.ztat.net/rnd/ng/product_convenience/index-b40cc1df1fff614c0fad.js, line 1: ChunkLoadError: Loading chunk 5527 failed.
(error: https://mosaic02.ztat.net/rnd/ng/5527/index-861749e5f11ca014a0d5.js)
JavaScript error: https://mosaic01.ztat.net/base-assets/require-2.1.22.min.js, line 8: Error: Script error for "https://mosaic02.ztat.net/lyl/membership-fragment/assets/00d4c1f6159fc7f941ed.sign-up-overlay.js"
http://requirejs.org/docs/errors.html#scripterror
JavaScript warning: https://accounts.zalando.com/gKc6BO/p/W/2mr1Q0Ez4leL/z1kOGcV3Yz/I0J6RQ/azkvGFY3/ISc, line 1: unreachable code after return statement
JavaScript warning: https://accounts.zalando.com/gKc6BO/p/W/2mr1Q0Ez4leL/z1kOGcV3Yz/I0J6RQ/azkvGFY3/ISc, line 1: WEBGL_debug_renderer_info is deprecated in Firefox and will be removed. Please use RENDERER.
1646143346194	Marionette	INFO	Stopped listening on port 55171646143347121	mozrunner::runner	INFO	Running command: "C:\\Program Files\\Mozilla Firefox\\firefox.exe" "--marionette" "--remote-debugging-port" "55299" "-no-remote" "-profile" "C:\\Users\\deepa\\AppData\\Local\\Temp\\rust_mozprofileWGi8hf"
1646143347419	Marionette	INFO	Marionette enabled
console.warn: SearchSettings: "get: No settings file exists, new profile?" (new NotFoundError("Could not open the file at C:\\Users\\deepa\\AppData\\Local\\Temp\\rust_mozprofileWGi8hf\\search.json.mozlz4", (void 0)))
DevTools listening on ws://localhost:55299/devtools/browser/63043583-c72b-43a6-a13a-e5f5d7142330
1646143349239	Marionette	INFO	Listening on port 55307
1646143349311	RemoteAgent	WARN	TLS certificate errors will be ignored for this session
JavaScript warning: https://en.zalando.de/-fnoO_CI/l6Y/ycW/lD9IL4c6TP/7G3czX3Nutr3/Zmp6JgE/WykcHix8/GUo, line 1: unreachable code after return statement
JavaScript warning: https://en.zalando.de/-fnoO_CI/l6Y/ycW/lD9IL4c6TP/7G3czX3Nutr3/Zmp6JgE/WykcHix8/GUo, line 1: WEBGL_debug_renderer_info is deprecated in Firefox and will be removed. Please use RENDERER.
JavaScript warning: https://accounts.zalando.com/gKc6BO/p/W/2mr1Q0Ez4leL/z1kOGcV3Yz/I0J6RQ/azkvGFY3/ISc, line 1: unreachable code after return statement
JavaScript warning: https://accounts.zalando.com/gKc6BO/p/W/2mr1Q0Ez4leL/z1kOGcV3Yz/I0J6RQ/azkvGFY3/ISc, line 1: WEBGL_debug_renderer_info is deprecated in Firefox and will be removed. Please use RENDERER.
1646143379784	geckodriver	INFO	Listening on 127.0.0.1:55413
1646143382820	mozrunner::runner	INFO	Running command: "C:\\Program Files\\Mozilla Firefox\\firefox.exe" "--marionette" "--remote-debugging-port" "55414" "-no-remote" "-profile" "C:\\Users\\deepa\\AppData\\Local\\Temp\\rust_mozprofilek5cRXJ"
1646143383101	Marionette	INFO	Marionette enabled
console.warn: SearchSettings: "get: No settings file exists, new profile?" (new NotFoundError("Could not open the file at C:\\Users\\deepa\\AppData\\Local\\Temp\\rust_mozprofilek5cRXJ\\search.json.mozlz4", (void 0)))
DevTools listening on ws://localhost:55414/devtools/browser/e23f1ad8-e8b3-4069-baa6-9cf7feff4694
1646143384794	Marionette	INFO	Listening on port 55421
1646143384887	RemoteAgent	WARN	TLS certificate errors will be ignored for this session
JavaScript warning: https://en.zalando.de/-fnoO_CI/l6Y/ycW/lD9IL4c6TP/7G3czX3Nutr3/Zmp6JgE/WykcHix8/GUo, line 1: unreachable code after return statement
JavaScript warning: https://en.zalando.de/-fnoO_CI/l6Y/ycW/lD9IL4c6TP/7G3czX3Nutr3/Zmp6JgE/WykcHix8/GUo, line 1: WEBGL_debug_renderer_info is deprecated in Firefox and will be removed. Please use RENDERER.
JavaScript warning: https://accounts.zalando.com/gKc6BO/p/W/2mr1Q0Ez4leL/z1kOGcV3Yz/I0J6RQ/azkvGFY3/ISc, line 1: unreachable code after return statement
JavaScript warning: https://accounts.zalando.com/gKc6BO/p/W/2mr1Q0Ez4leL/z1kOGcV3Yz/I0J6RQ/azkvGFY3/ISc, line 1: WEBGL_debug_renderer_info is deprecated in Firefox and will be removed. Please use RENDERER.
1646144325484	Marionette	INFO	Stopped listening on port 55421
console.warn: TopSitesFeed: Failed to fetch data from Contile server: NetworkError when attempting to fetch resource.

###!!! [Parent][PGPUParent] Error: RunMessage(msgname=PGPU::Msg_ShutdownVR) Channel closing: too late to send/recv, messages will be lost

1646203643009	geckodriver	INFO	Listening on 127.0.0.1:61123
1646203646122	mozrunner::runner	INFO	Running command: "C:\\Program Files\\Mozilla Firefox\\firefox.exe" "--marionette" "--remote-debugging-port" "61124" "-no-remote" "-profile" "C:\\Users\\deepa\\AppData\\Local\\Temp\\rust_mozprofileFpdPZz"
1646203646960	Marionette	INFO	Marionette enabled
console.warn: SearchSettings: "get: No settings file exists, new profile?" (new NotFoundError("Could not open the file at C:\\Users\\deepa\\AppData\\Local\\Temp\\rust_mozprofileFpdPZz\\search.json.mozlz4", (void 0)))
DevTools listening on ws://localhost:61124/devtools/browser/3a1a13ef-03e6-4264-aad3-51a6dfc5ec62
1646203649387	Marionette	INFO	Listening on port 61132
1646203649877	RemoteAgent	WARN	TLS certificate errors will be ignored for this session
JavaScript warning: https://accounts.zalando.com/XLVjtskT/3N246L4/xVy2pso/aH/J5E9pt7b3Yf9/Fl0XSl4/PQ/06fkQhVgg, line 1: unreachable code after return statement
JavaScript warning: https://accounts.zalando.com/XLVjtskT/3N246L4/xVy2pso/aH/J5E9pt7b3Yf9/Fl0XSl4/PQ/06fkQhVgg, line 1: WEBGL_debug_renderer_info is deprecated in Firefox and will be removed. Please use RENDERER.
console.warn: LoginRecipes: "getRecipes: falling back to a synchronous message for:" "https://accounts.zalando.com"
JavaScript warning: https://en.zalando.de/7Xfv-lZ1k2/JQTzeL/Ps_z/Sih3QziS5b/CWFtAQ/C012WCF/3Wiw, line 1: unreachable code after return statement
JavaScript warning: https://en.zalando.de/7Xfv-lZ1k2/JQTzeL/Ps_z/Sih3QziS5b/CWFtAQ/C012WCF/3Wiw, line 1: WEBGL_debug_renderer_info is deprecated in Firefox and will be removed. Please use RENDERER.
JavaScript warning: https://en.zalando.de/7Xfv-lZ1k2/JQTzeL/Ps_z/Sih3QziS5b/CWFtAQ/C012WCF/3Wiw, line 1: WEBGL_debug_renderer_info is deprecated in Firefox and will be removed. Please use RENDERER.
1646203760297	Marionette	INFO	Stopped listening on port 61132
console.warn: TopSitesFeed: Failed to fetch data from Contile server: NetworkError when attempting to fetch resource.

###!!! [Parent][PGPUParent] Error: RunMessage(msgname=PGPU::Msg_ShutdownVR) Channel closing: too late to send/recv, messages will be lost

